[TEST] compile test
[PASS] all programs compiled successfully

[TEST] known SHA-256 vectors
[PASS] abc vector correct
[PASS] empty string vector correct
[PASS] all known vectors passed

[TEST] file integrity tamper test
Current hash:
6bffacf670f0b13347f13c4013cc93714e62707a642f3873e90f5135fca94a95
Expected hash:
6bffacf670f0b13347f13c4013cc93714e62707a642f3873e90f5135fca94a95
[PASS] File integrity verified

Current hash:
f6b0c4b6b7d7f9b1e6e2e8c44a648ce2f44b83d4ec4c3f0bc8a7cb5a0df1e7b1
Expected hash:
6bffacf670f0b13347f13c4013cc93714e62707a642f3873e90f5135fca94a95
[FAIL] File has been modified (tampered)

[PASS] tampered file detected

[TEST] password hash test
[PASS] Password hash saved to password.hash
[PASS] Login success
[PASS] correct password accepted
[FAIL] Login failed: wrong password
[PASS] wrong password rejected

[TEST] salted password hash test
[PASS] Salted password hash saved to password.hash
[PASS] Login success
[PASS] correct salted password accepted
[FAIL] Login failed: wrong password
[PASS] wrong salted password rejected
[PASS] different salts create different hashes
